<?xml version="1.0" encoding="UTF-8"?>
<testsuite xmlns:xsi="http://www.w3.org/2001/XMLSchema-instance" xsi:noNamespaceSchemaLocation="https://maven.apache.org/surefire/maven-surefire-plugin/xsd/surefire-test-report.xsd" version="3.0.2" name="com.example.expenseapp.controller.AuthControllerTest" time="13.921" tests="20" errors="0" skipped="0" failures="0">
  <properties>
[...]
</properties>
  <testcase name="testResetPassword_InvalidToken" classname="com.example.expenseapp.controller.AuthControllerTest" time="0.513">
    <system-out><![CDATA[14:03:06.770 [main] INFO org.springframework.test.context.support.AnnotationConfigContextLoaderUtils -- Could not detect default configuration classes for test class [com.example.expenseapp.controller.AuthControllerTest]: AuthControllerTest does not declare any static, non-private, non-final, nested classes annotated with @Configuration.
14:03:07.064 [main] INFO org.springframework.boot.test.context.SpringBootTestContextBootstrapper -- Found @SpringBootConfiguration com.example.expenseapp.ExpenseAppApplication for test class com.example.expenseapp.controller.AuthControllerTest

  .   ____          _            __ _ _
 /\\ / ___'_ __ _ _(_)_ __  __ _ \ \ \ \
( ( )\___ | '_ | '_| | '_ \/ _` | \ \ \ \
 \\/  ___)| |_)| | | | | || (_| |  ) ) ) )
  '  |____| .__|_| |_|_| |_\__, | / / / /
 =========|_|==============|___/=/_/_/_/

 :: Spring Boot ::                (v3.4.5)

2025-10-03T14:03:07.635+08:00  INFO 13932 --- [           main] c.e.e.controller.AuthControllerTest      : Starting AuthControllerTest using Java 21.0.7 with PID 13932 (started by Kevin in C:\Users\Kevin\IdeaProjects\expense-app-backend)
2025-10-03T14:03:07.638+08:00  INFO 13932 --- [           main] c.e.e.controller.AuthControllerTest      : No active profile set, falling back to 1 default profile: "default"
2025-10-03T14:03:09.014+08:00  INFO 13932 --- [           main] .s.d.r.c.RepositoryConfigurationDelegate : Bootstrapping Spring Data JPA repositories in DEFAULT mode.
2025-10-03T14:03:09.092+08:00  INFO 13932 --- [           main] .s.d.r.c.RepositoryConfigurationDelegate : Finished Spring Data repository scanning in 64 ms. Found 3 JPA repository interfaces.
2025-10-03T14:03:11.454+08:00  INFO 13932 --- [           main] com.zaxxer.hikari.HikariDataSource       : HikariPool-1 - Starting...
2025-10-03T14:03:12.689+08:00  INFO 13932 --- [           main] com.zaxxer.hikari.pool.HikariPool        : HikariPool-1 - Added connection com.mysql.cj.jdbc.ConnectionImpl@11c999da
2025-10-03T14:03:12.691+08:00  INFO 13932 --- [           main] com.zaxxer.hikari.HikariDataSource       : HikariPool-1 - Start completed.
2025-10-03T14:03:12.761+08:00  INFO 13932 --- [           main] o.hibernate.jpa.internal.util.LogHelper  : HHH000204: Processing PersistenceUnitInfo [name: default]
2025-10-03T14:03:12.869+08:00  INFO 13932 --- [           main] org.hibernate.Version                    : HHH000412: Hibernate ORM core version 6.6.13.Final
2025-10-03T14:03:13.091+08:00  INFO 13932 --- [           main] o.h.c.internal.RegionFactoryInitiator    : HHH000026: Second-level cache disabled
2025-10-03T14:03:13.358+08:00  INFO 13932 --- [           main] o.s.o.j.p.SpringPersistenceUnitInfo      : No LoadTimeWeaver setup: ignoring JPA class transformer
2025-10-03T14:03:13.497+08:00  INFO 13932 --- [           main] org.hibernate.orm.connections.pooling    : HHH10001005: Database info:
	Database JDBC URL [Connecting through datasource 'HikariDataSource (HikariPool-1)']
	Database driver: undefined/unknown
	Database version: 8.0.43
	Autocommit mode: undefined/unknown
	Isolation level: undefined/unknown
	Minimum pool size: undefined/unknown
	Maximum pool size: undefined/unknown
2025-10-03T14:03:14.669+08:00  INFO 13932 --- [           main] o.h.e.t.j.p.i.JtaPlatformInitiator       : HHH000489: No JTA platform available (set 'hibernate.transaction.jta.platform' to enable JTA platform integration)
2025-10-03T14:03:14.673+08:00  INFO 13932 --- [           main] j.LocalContainerEntityManagerFactoryBean : Initialized JPA EntityManagerFactory for persistence unit 'default'
2025-10-03T14:03:15.307+08:00  INFO 13932 --- [           main] eAuthenticationProviderManagerConfigurer : Global AuthenticationManager configured with AuthenticationProvider bean with name authenticationProvider
2025-10-03T14:03:15.307+08:00  WARN 13932 --- [           main] r$InitializeUserDetailsManagerConfigurer : Global AuthenticationManager configured with an AuthenticationProvider bean. UserDetailsService beans will not be used by Spring Security for automatically configuring username/password login. Consider removing the AuthenticationProvider bean. Alternatively, consider using the UserDetailsService in a manually instantiated DaoAuthenticationProvider. If the current configuration is intentional, to turn off this warning, increase the logging level of 'org.springframework.security.config.annotation.authentication.configuration.InitializeUserDetailsBeanManagerConfigurer' to ERROR
2025-10-03T14:03:15.439+08:00  INFO 13932 --- [           main] o.s.d.j.r.query.QueryEnhancerFactory     : Hibernate is in classpath; If applicable, HQL parser will be used.
2025-10-03T14:03:18.200+08:00  INFO 13932 --- [           main] o.s.b.t.m.w.SpringBootMockServletContext : Initializing Spring TestDispatcherServlet ''
2025-10-03T14:03:18.201+08:00  INFO 13932 --- [           main] o.s.t.web.servlet.TestDispatcherServlet  : Initializing Servlet ''
2025-10-03T14:03:18.202+08:00  INFO 13932 --- [           main] o.s.t.web.servlet.TestDispatcherServlet  : Completed initialization in 1 ms
2025-10-03T14:03:18.243+08:00  INFO 13932 --- [           main] c.e.e.controller.AuthControllerTest      : Started AuthControllerTest in 11.008 seconds (process running for 12.391)
Hibernate: 
    select
        vt1_0.id,
        vt1_0.created_at,
        vt1_0.expires_at,
        vt1_0.token,
        vt1_0.token_type,
        vt1_0.used_at,
        vt1_0.user_id 
    from
        verification_tokens vt1_0
Hibernate: 
    select
        u1_0.id,
        u1_0.avatar_url,
        u1_0.created_at,
        u1_0.email,
        u1_0.google_id,
        u1_0.last_login_at,
        u1_0.name,
        u1_0.password,
        u1_0.provider,
        u1_0.status,
        u1_0.updated_at,
        u1_0.username 
    from
        users u1_0
Hibernate: 
    delete 
    from
        users 
    where
        id=?
Hibernate: 
    select
        vt1_0.id,
        vt1_0.created_at,
        vt1_0.expires_at,
        vt1_0.token,
        vt1_0.token_type,
        vt1_0.used_at,
        vt1_0.user_id 
    from
        verification_tokens vt1_0 
    where
        vt1_0.token=?
]]></system-out>
    <system-err><![CDATA[Mockito is currently self-attaching to enable the inline-mock-maker. This will no longer work in future releases of the JDK. Please add Mockito as an agent to your build what is described in Mockito's documentation: https://javadoc.io/doc/org.mockito/mockito-core/latest/org/mockito/Mockito.html#0.3
WARNING: A Java agent has been loaded dynamically (C:\Users\Kevin\.m2\repository\net\bytebuddy\byte-buddy-agent\1.15.11\byte-buddy-agent-1.15.11.jar)
WARNING: If a serviceability tool is in use, please run with -XX:+EnableDynamicAgentLoading to hide this warning
WARNING: If a serviceability tool is not in use, please run with -Djdk.instrument.traceUsage for more information
WARNING: Dynamic loading of agents will be disallowed by default in a future release
]]></system-err>
  </testcase>
  <testcase name="testVerifyEmail_InvalidToken" classname="com.example.expenseapp.controller.AuthControllerTest" time="0.034">
    <system-out><![CDATA[Hibernate: 
    select
        vt1_0.id,
        vt1_0.created_at,
        vt1_0.expires_at,
        vt1_0.token,
        vt1_0.token_type,
        vt1_0.used_at,
        vt1_0.user_id 
    from
        verification_tokens vt1_0
Hibernate: 
    select
        u1_0.id,
        u1_0.avatar_url,
        u1_0.created_at,
        u1_0.email,
        u1_0.google_id,
        u1_0.last_login_at,
        u1_0.name,
        u1_0.password,
        u1_0.provider,
        u1_0.status,
        u1_0.updated_at,
        u1_0.username 
    from
        users u1_0
Hibernate: 
    select
        vt1_0.id,
        vt1_0.created_at,
        vt1_0.expires_at,
        vt1_0.token,
        vt1_0.token_type,
        vt1_0.used_at,
        vt1_0.user_id 
    from
        verification_tokens vt1_0 
    where
        vt1_0.token=?
]]></system-out>
  </testcase>
  <testcase name="testForgotPassword_EmailNotFound" classname="com.example.expenseapp.controller.AuthControllerTest" time="0.042">
    <system-out><![CDATA[Hibernate: 
    select
        vt1_0.id,
        vt1_0.created_at,
        vt1_0.expires_at,
        vt1_0.token,
        vt1_0.token_type,
        vt1_0.used_at,
        vt1_0.user_id 
    from
        verification_tokens vt1_0
Hibernate: 
    select
        u1_0.id,
        u1_0.avatar_url,
        u1_0.created_at,
        u1_0.email,
        u1_0.google_id,
        u1_0.last_login_at,
        u1_0.name,
        u1_0.password,
        u1_0.provider,
        u1_0.status,
        u1_0.updated_at,
        u1_0.username 
    from
        users u1_0
Hibernate: 
    select
        u1_0.id,
        u1_0.avatar_url,
        u1_0.created_at,
        u1_0.email,
        u1_0.google_id,
        u1_0.last_login_at,
        u1_0.name,
        u1_0.password,
        u1_0.provider,
        u1_0.status,
        u1_0.updated_at,
        u1_0.username 
    from
        users u1_0 
    where
        u1_0.email=?
]]></system-out>
  </testcase>
  <testcase name="testResendVerification_AlreadyVerified" classname="com.example.expenseapp.controller.AuthControllerTest" time="0.081">
    <system-out><![CDATA[Hibernate: 
    select
        vt1_0.id,
        vt1_0.created_at,
        vt1_0.expires_at,
        vt1_0.token,
        vt1_0.token_type,
        vt1_0.used_at,
        vt1_0.user_id 
    from
        verification_tokens vt1_0
Hibernate: 
    select
        u1_0.id,
        u1_0.avatar_url,
        u1_0.created_at,
        u1_0.email,
        u1_0.google_id,
        u1_0.last_login_at,
        u1_0.name,
        u1_0.password,
        u1_0.provider,
        u1_0.status,
        u1_0.updated_at,
        u1_0.username 
    from
        users u1_0
Hibernate: 
    insert 
    into
        users
        (avatar_url, created_at, email, google_id, last_login_at, name, password, provider, status, updated_at, username) 
    values
        (?, ?, ?, ?, ?, ?, ?, ?, ?, ?, ?)
Hibernate: 
    select
        u1_0.id,
        u1_0.avatar_url,
        u1_0.created_at,
        u1_0.email,
        u1_0.google_id,
        u1_0.last_login_at,
        u1_0.name,
        u1_0.password,
        u1_0.provider,
        u1_0.status,
        u1_0.updated_at,
        u1_0.username 
    from
        users u1_0 
    where
        u1_0.email=?
]]></system-out>
  </testcase>
  <testcase name="testLogin_Success" classname="com.example.expenseapp.controller.AuthControllerTest" time="0.306">
    <system-out><![CDATA[Hibernate: 
    select
        vt1_0.id,
        vt1_0.created_at,
        vt1_0.expires_at,
        vt1_0.token,
        vt1_0.token_type,
        vt1_0.used_at,
        vt1_0.user_id 
    from
        verification_tokens vt1_0
Hibernate: 
    select
        u1_0.id,
        u1_0.avatar_url,
        u1_0.created_at,
        u1_0.email,
        u1_0.google_id,
        u1_0.last_login_at,
        u1_0.name,
        u1_0.password,
        u1_0.provider,
        u1_0.status,
        u1_0.updated_at,
        u1_0.username 
    from
        users u1_0
Hibernate: 
    delete 
    from
        users 
    where
        id=?
Hibernate: 
    insert 
    into
        users
        (avatar_url, created_at, email, google_id, last_login_at, name, password, provider, status, updated_at, username) 
    values
        (?, ?, ?, ?, ?, ?, ?, ?, ?, ?, ?)
Hibernate: 
    select
        u1_0.id,
        u1_0.avatar_url,
        u1_0.created_at,
        u1_0.email,
        u1_0.google_id,
        u1_0.last_login_at,
        u1_0.name,
        u1_0.password,
        u1_0.provider,
        u1_0.status,
        u1_0.updated_at,
        u1_0.username 
    from
        users u1_0 
    where
        u1_0.username=? 
        or u1_0.email=?
Hibernate: 
    select
        u1_0.id,
        u1_0.avatar_url,
        u1_0.created_at,
        u1_0.email,
        u1_0.google_id,
        u1_0.last_login_at,
        u1_0.name,
        u1_0.password,
        u1_0.provider,
        u1_0.status,
        u1_0.updated_at,
        u1_0.username 
    from
        users u1_0 
    where
        u1_0.username=? 
        or u1_0.email=?
Hibernate: 
    update
        users 
    set
        avatar_url=?,
        email=?,
        google_id=?,
        last_login_at=?,
        name=?,
        password=?,
        provider=?,
        status=?,
        updated_at=?,
        username=? 
    where
        id=?
Hibernate: 
    select
        u1_0.id,
        u1_0.avatar_url,
        u1_0.created_at,
        u1_0.email,
        u1_0.google_id,
        u1_0.last_login_at,
        u1_0.name,
        u1_0.password,
        u1_0.provider,
        u1_0.status,
        u1_0.updated_at,
        u1_0.username 
    from
        users u1_0 
    where
        u1_0.username=? 
        or u1_0.email=?
]]></system-out>
  </testcase>
  <testcase name="testResetPassword_ExpiredToken" classname="com.example.expenseapp.controller.AuthControllerTest" time="0.115">
    <system-out><![CDATA[Hibernate: 
    select
        vt1_0.id,
        vt1_0.created_at,
        vt1_0.expires_at,
        vt1_0.token,
        vt1_0.token_type,
        vt1_0.used_at,
        vt1_0.user_id 
    from
        verification_tokens vt1_0
Hibernate: 
    select
        u1_0.id,
        u1_0.avatar_url,
        u1_0.created_at,
        u1_0.email,
        u1_0.google_id,
        u1_0.last_login_at,
        u1_0.name,
        u1_0.password,
        u1_0.provider,
        u1_0.status,
        u1_0.updated_at,
        u1_0.username 
    from
        users u1_0
Hibernate: 
    delete 
    from
        users 
    where
        id=?
Hibernate: 
    insert 
    into
        users
        (avatar_url, created_at, email, google_id, last_login_at, name, password, provider, status, updated_at, username) 
    values
        (?, ?, ?, ?, ?, ?, ?, ?, ?, ?, ?)
Hibernate: 
    insert 
    into
        verification_tokens
        (created_at, expires_at, token, token_type, used_at, user_id) 
    values
        (?, ?, ?, ?, ?, ?)
Hibernate: 
    select
        vt1_0.id,
        vt1_0.created_at,
        vt1_0.expires_at,
        vt1_0.token,
        vt1_0.token_type,
        vt1_0.used_at,
        vt1_0.user_id 
    from
        verification_tokens vt1_0 
    where
        vt1_0.token=?
]]></system-out>
  </testcase>
  <testcase name="testVerifyEmail_ExpiredToken" classname="com.example.expenseapp.controller.AuthControllerTest" time="0.057">
    <system-out><![CDATA[Hibernate: 
    select
        vt1_0.id,
        vt1_0.created_at,
        vt1_0.expires_at,
        vt1_0.token,
        vt1_0.token_type,
        vt1_0.used_at,
        vt1_0.user_id 
    from
        verification_tokens vt1_0
Hibernate: 
    delete 
    from
        verification_tokens 
    where
        id=?
Hibernate: 
    select
        u1_0.id,
        u1_0.avatar_url,
        u1_0.created_at,
        u1_0.email,
        u1_0.google_id,
        u1_0.last_login_at,
        u1_0.name,
        u1_0.password,
        u1_0.provider,
        u1_0.status,
        u1_0.updated_at,
        u1_0.username 
    from
        users u1_0
Hibernate: 
    delete 
    from
        users 
    where
        id=?
Hibernate: 
    insert 
    into
        users
        (avatar_url, created_at, email, google_id, last_login_at, name, password, provider, status, updated_at, username) 
    values
        (?, ?, ?, ?, ?, ?, ?, ?, ?, ?, ?)
Hibernate: 
    insert 
    into
        verification_tokens
        (created_at, expires_at, token, token_type, used_at, user_id) 
    values
        (?, ?, ?, ?, ?, ?)
Hibernate: 
    select
        vt1_0.id,
        vt1_0.created_at,
        vt1_0.expires_at,
        vt1_0.token,
        vt1_0.token_type,
        vt1_0.used_at,
        vt1_0.user_id 
    from
        verification_tokens vt1_0 
    where
        vt1_0.token=?
]]></system-out>
  </testcase>
  <testcase name="testLogin_UserNotFound" classname="com.example.expenseapp.controller.AuthControllerTest" time="0.039">
    <system-out><![CDATA[Hibernate: 
    select
        vt1_0.id,
        vt1_0.created_at,
        vt1_0.expires_at,
        vt1_0.token,
        vt1_0.token_type,
        vt1_0.used_at,
        vt1_0.user_id 
    from
        verification_tokens vt1_0
Hibernate: 
    delete 
    from
        verification_tokens 
    where
        id=?
Hibernate: 
    select
        u1_0.id,
        u1_0.avatar_url,
        u1_0.created_at,
        u1_0.email,
        u1_0.google_id,
        u1_0.last_login_at,
        u1_0.name,
        u1_0.password,
        u1_0.provider,
        u1_0.status,
        u1_0.updated_at,
        u1_0.username 
    from
        users u1_0
Hibernate: 
    delete 
    from
        users 
    where
        id=?
Hibernate: 
    select
        u1_0.id,
        u1_0.avatar_url,
        u1_0.created_at,
        u1_0.email,
        u1_0.google_id,
        u1_0.last_login_at,
        u1_0.name,
        u1_0.password,
        u1_0.provider,
        u1_0.status,
        u1_0.updated_at,
        u1_0.username 
    from
        users u1_0 
    where
        u1_0.username=? 
        or u1_0.email=?
]]></system-out>
  </testcase>
  <testcase name="testLogin_WrongPassword" classname="com.example.expenseapp.controller.AuthControllerTest" time="0.157">
    <system-out><![CDATA[Hibernate: 
    select
        vt1_0.id,
        vt1_0.created_at,
        vt1_0.expires_at,
        vt1_0.token,
        vt1_0.token_type,
        vt1_0.used_at,
        vt1_0.user_id 
    from
        verification_tokens vt1_0
Hibernate: 
    select
        u1_0.id,
        u1_0.avatar_url,
        u1_0.created_at,
        u1_0.email,
        u1_0.google_id,
        u1_0.last_login_at,
        u1_0.name,
        u1_0.password,
        u1_0.provider,
        u1_0.status,
        u1_0.updated_at,
        u1_0.username 
    from
        users u1_0
Hibernate: 
    insert 
    into
        users
        (avatar_url, created_at, email, google_id, last_login_at, name, password, provider, status, updated_at, username) 
    values
        (?, ?, ?, ?, ?, ?, ?, ?, ?, ?, ?)
Hibernate: 
    select
        u1_0.id,
        u1_0.avatar_url,
        u1_0.created_at,
        u1_0.email,
        u1_0.google_id,
        u1_0.last_login_at,
        u1_0.name,
        u1_0.password,
        u1_0.provider,
        u1_0.status,
        u1_0.updated_at,
        u1_0.username 
    from
        users u1_0 
    where
        u1_0.username=? 
        or u1_0.email=?
Hibernate: 
    select
        u1_0.id,
        u1_0.avatar_url,
        u1_0.created_at,
        u1_0.email,
        u1_0.google_id,
        u1_0.last_login_at,
        u1_0.name,
        u1_0.password,
        u1_0.provider,
        u1_0.status,
        u1_0.updated_at,
        u1_0.username 
    from
        users u1_0 
    where
        u1_0.username=? 
        or u1_0.email=?
]]></system-out>
  </testcase>
  <testcase name="testResetPassword_Success" classname="com.example.expenseapp.controller.AuthControllerTest" time="0.248">
    <system-out><![CDATA[Hibernate: 
    select
        vt1_0.id,
        vt1_0.created_at,
        vt1_0.expires_at,
        vt1_0.token,
        vt1_0.token_type,
        vt1_0.used_at,
        vt1_0.user_id 
    from
        verification_tokens vt1_0
Hibernate: 
    select
        u1_0.id,
        u1_0.avatar_url,
        u1_0.created_at,
        u1_0.email,
        u1_0.google_id,
        u1_0.last_login_at,
        u1_0.name,
        u1_0.password,
        u1_0.provider,
        u1_0.status,
        u1_0.updated_at,
        u1_0.username 
    from
        users u1_0
Hibernate: 
    delete 
    from
        users 
    where
        id=?
Hibernate: 
    insert 
    into
        users
        (avatar_url, created_at, email, google_id, last_login_at, name, password, provider, status, updated_at, username) 
    values
        (?, ?, ?, ?, ?, ?, ?, ?, ?, ?, ?)
Hibernate: 
    insert 
    into
        verification_tokens
        (created_at, expires_at, token, token_type, used_at, user_id) 
    values
        (?, ?, ?, ?, ?, ?)
Hibernate: 
    select
        vt1_0.id,
        vt1_0.created_at,
        vt1_0.expires_at,
        vt1_0.token,
        vt1_0.token_type,
        vt1_0.used_at,
        vt1_0.user_id 
    from
        verification_tokens vt1_0 
    where
        vt1_0.token=?
Hibernate: 
    select
        u1_0.id,
        u1_0.avatar_url,
        u1_0.created_at,
        u1_0.email,
        u1_0.google_id,
        u1_0.last_login_at,
        u1_0.name,
        u1_0.password,
        u1_0.provider,
        u1_0.status,
        u1_0.updated_at,
        u1_0.username 
    from
        users u1_0 
    where
        u1_0.id=?
Hibernate: 
    update
        verification_tokens 
    set
        expires_at=?,
        token=?,
        token_type=?,
        used_at=?,
        user_id=? 
    where
        id=?
Hibernate: 
    update
        users 
    set
        avatar_url=?,
        email=?,
        google_id=?,
        last_login_at=?,
        name=?,
        password=?,
        provider=?,
        status=?,
        updated_at=?,
        username=? 
    where
        id=?
Hibernate: 
    select
        u1_0.id,
        u1_0.avatar_url,
        u1_0.created_at,
        u1_0.email,
        u1_0.google_id,
        u1_0.last_login_at,
        u1_0.name,
        u1_0.password,
        u1_0.provider,
        u1_0.status,
        u1_0.updated_at,
        u1_0.username 
    from
        users u1_0 
    where
        u1_0.id=?
]]></system-out>
  </testcase>
  <testcase name="testVerifyEmail_UsedToken" classname="com.example.expenseapp.controller.AuthControllerTest" time="0.119">
    <system-out><![CDATA[Hibernate: 
    select
        vt1_0.id,
        vt1_0.created_at,
        vt1_0.expires_at,
        vt1_0.token,
        vt1_0.token_type,
        vt1_0.used_at,
        vt1_0.user_id 
    from
        verification_tokens vt1_0
Hibernate: 
    delete 
    from
        verification_tokens 
    where
        id=?
Hibernate: 
    select
        u1_0.id,
        u1_0.avatar_url,
        u1_0.created_at,
        u1_0.email,
        u1_0.google_id,
        u1_0.last_login_at,
        u1_0.name,
        u1_0.password,
        u1_0.provider,
        u1_0.status,
        u1_0.updated_at,
        u1_0.username 
    from
        users u1_0
Hibernate: 
    delete 
    from
        users 
    where
        id=?
Hibernate: 
    insert 
    into
        users
        (avatar_url, created_at, email, google_id, last_login_at, name, password, provider, status, updated_at, username) 
    values
        (?, ?, ?, ?, ?, ?, ?, ?, ?, ?, ?)
Hibernate: 
    insert 
    into
        verification_tokens
        (created_at, expires_at, token, token_type, used_at, user_id) 
    values
        (?, ?, ?, ?, ?, ?)
Hibernate: 
    select
        vt1_0.id,
        vt1_0.created_at,
        vt1_0.expires_at,
        vt1_0.token,
        vt1_0.token_type,
        vt1_0.used_at,
        vt1_0.user_id 
    from
        verification_tokens vt1_0 
    where
        vt1_0.token=?
]]></system-out>
  </testcase>
  <testcase name="testRegister_EmailExists" classname="com.example.expenseapp.controller.AuthControllerTest" time="0.041">
    <system-out><![CDATA[Hibernate: 
    select
        vt1_0.id,
        vt1_0.created_at,
        vt1_0.expires_at,
        vt1_0.token,
        vt1_0.token_type,
        vt1_0.used_at,
        vt1_0.user_id 
    from
        verification_tokens vt1_0
Hibernate: 
    delete 
    from
        verification_tokens 
    where
        id=?
Hibernate: 
    select
        u1_0.id,
        u1_0.avatar_url,
        u1_0.created_at,
        u1_0.email,
        u1_0.google_id,
        u1_0.last_login_at,
        u1_0.name,
        u1_0.password,
        u1_0.provider,
        u1_0.status,
        u1_0.updated_at,
        u1_0.username 
    from
        users u1_0
Hibernate: 
    delete 
    from
        users 
    where
        id=?
Hibernate: 
    insert 
    into
        users
        (avatar_url, created_at, email, google_id, last_login_at, name, password, provider, status, updated_at, username) 
    values
        (?, ?, ?, ?, ?, ?, ?, ?, ?, ?, ?)
Hibernate: 
    select
        u1_0.id 
    from
        users u1_0 
    where
        u1_0.username=? 
    limit
        ?
Hibernate: 
    select
        u1_0.id 
    from
        users u1_0 
    where
        u1_0.email=? 
    limit
        ?
]]></system-out>
  </testcase>
  <testcase name="testLogin_AccountNotVerified" classname="com.example.expenseapp.controller.AuthControllerTest" time="0.135">
    <system-out><![CDATA[Hibernate: 
    select
        vt1_0.id,
        vt1_0.created_at,
        vt1_0.expires_at,
        vt1_0.token,
        vt1_0.token_type,
        vt1_0.used_at,
        vt1_0.user_id 
    from
        verification_tokens vt1_0
Hibernate: 
    select
        u1_0.id,
        u1_0.avatar_url,
        u1_0.created_at,
        u1_0.email,
        u1_0.google_id,
        u1_0.last_login_at,
        u1_0.name,
        u1_0.password,
        u1_0.provider,
        u1_0.status,
        u1_0.updated_at,
        u1_0.username 
    from
        users u1_0
Hibernate: 
    delete 
    from
        users 
    where
        id=?
Hibernate: 
    insert 
    into
        users
        (avatar_url, created_at, email, google_id, last_login_at, name, password, provider, status, updated_at, username) 
    values
        (?, ?, ?, ?, ?, ?, ?, ?, ?, ?, ?)
Hibernate: 
    select
        u1_0.id,
        u1_0.avatar_url,
        u1_0.created_at,
        u1_0.email,
        u1_0.google_id,
        u1_0.last_login_at,
        u1_0.name,
        u1_0.password,
        u1_0.provider,
        u1_0.status,
        u1_0.updated_at,
        u1_0.username 
    from
        users u1_0 
    where
        u1_0.username=? 
        or u1_0.email=?
Hibernate: 
    select
        u1_0.id,
        u1_0.avatar_url,
        u1_0.created_at,
        u1_0.email,
        u1_0.google_id,
        u1_0.last_login_at,
        u1_0.name,
        u1_0.password,
        u1_0.provider,
        u1_0.status,
        u1_0.updated_at,
        u1_0.username 
    from
        users u1_0 
    where
        u1_0.username=? 
        or u1_0.email=?
]]></system-out>
  </testcase>
  <testcase name="testVerifyEmail_Success" classname="com.example.expenseapp.controller.AuthControllerTest" time="0.041">
    <system-out><![CDATA[Hibernate: 
    select
        vt1_0.id,
        vt1_0.created_at,
        vt1_0.expires_at,
        vt1_0.token,
        vt1_0.token_type,
        vt1_0.used_at,
        vt1_0.user_id 
    from
        verification_tokens vt1_0
Hibernate: 
    select
        u1_0.id,
        u1_0.avatar_url,
        u1_0.created_at,
        u1_0.email,
        u1_0.google_id,
        u1_0.last_login_at,
        u1_0.name,
        u1_0.password,
        u1_0.provider,
        u1_0.status,
        u1_0.updated_at,
        u1_0.username 
    from
        users u1_0
Hibernate: 
    delete 
    from
        users 
    where
        id=?
Hibernate: 
    insert 
    into
        users
        (avatar_url, created_at, email, google_id, last_login_at, name, password, provider, status, updated_at, username) 
    values
        (?, ?, ?, ?, ?, ?, ?, ?, ?, ?, ?)
Hibernate: 
    insert 
    into
        verification_tokens
        (created_at, expires_at, token, token_type, used_at, user_id) 
    values
        (?, ?, ?, ?, ?, ?)
Hibernate: 
    select
        vt1_0.id,
        vt1_0.created_at,
        vt1_0.expires_at,
        vt1_0.token,
        vt1_0.token_type,
        vt1_0.used_at,
        vt1_0.user_id 
    from
        verification_tokens vt1_0 
    where
        vt1_0.token=?
Hibernate: 
    select
        u1_0.id,
        u1_0.avatar_url,
        u1_0.created_at,
        u1_0.email,
        u1_0.google_id,
        u1_0.last_login_at,
        u1_0.name,
        u1_0.password,
        u1_0.provider,
        u1_0.status,
        u1_0.updated_at,
        u1_0.username 
    from
        users u1_0 
    where
        u1_0.id=?
Hibernate: 
    update
        verification_tokens 
    set
        expires_at=?,
        token=?,
        token_type=?,
        used_at=?,
        user_id=? 
    where
        id=?
Hibernate: 
    update
        users 
    set
        avatar_url=?,
        email=?,
        google_id=?,
        last_login_at=?,
        name=?,
        password=?,
        provider=?,
        status=?,
        updated_at=?,
        username=? 
    where
        id=?
Hibernate: 
    select
        u1_0.id,
        u1_0.avatar_url,
        u1_0.created_at,
        u1_0.email,
        u1_0.google_id,
        u1_0.last_login_at,
        u1_0.name,
        u1_0.password,
        u1_0.provider,
        u1_0.status,
        u1_0.updated_at,
        u1_0.username 
    from
        users u1_0 
    where
        u1_0.id=?
]]></system-out>
  </testcase>
  <testcase name="testRegister_Success" classname="com.example.expenseapp.controller.AuthControllerTest" time="0.103">
    <system-out><![CDATA[Hibernate: 
    select
        vt1_0.id,
        vt1_0.created_at,
        vt1_0.expires_at,
        vt1_0.token,
        vt1_0.token_type,
        vt1_0.used_at,
        vt1_0.user_id 
    from
        verification_tokens vt1_0
Hibernate: 
    delete 
    from
        verification_tokens 
    where
        id=?
Hibernate: 
    select
        u1_0.id,
        u1_0.avatar_url,
        u1_0.created_at,
        u1_0.email,
        u1_0.google_id,
        u1_0.last_login_at,
        u1_0.name,
        u1_0.password,
        u1_0.provider,
        u1_0.status,
        u1_0.updated_at,
        u1_0.username 
    from
        users u1_0
Hibernate: 
    delete 
    from
        users 
    where
        id=?
Hibernate: 
    select
        u1_0.id 
    from
        users u1_0 
    where
        u1_0.username=? 
    limit
        ?
Hibernate: 
    select
        u1_0.id 
    from
        users u1_0 
    where
        u1_0.email=? 
    limit
        ?
Hibernate: 
    insert 
    into
        users
        (avatar_url, created_at, email, google_id, last_login_at, name, password, provider, status, updated_at, username) 
    values
        (?, ?, ?, ?, ?, ?, ?, ?, ?, ?, ?)
Hibernate: 
    insert 
    into
        verification_tokens
        (created_at, expires_at, token, token_type, used_at, user_id) 
    values
        (?, ?, ?, ?, ?, ?)
]]></system-out>
  </testcase>
  <testcase name="testForgotPassword_Success" classname="com.example.expenseapp.controller.AuthControllerTest" time="0.034">
    <system-out><![CDATA[Hibernate: 
    select
        vt1_0.id,
        vt1_0.created_at,
        vt1_0.expires_at,
        vt1_0.token,
        vt1_0.token_type,
        vt1_0.used_at,
        vt1_0.user_id 
    from
        verification_tokens vt1_0
Hibernate: 
    delete 
    from
        verification_tokens 
    where
        id=?
Hibernate: 
    select
        u1_0.id,
        u1_0.avatar_url,
        u1_0.created_at,
        u1_0.email,
        u1_0.google_id,
        u1_0.last_login_at,
        u1_0.name,
        u1_0.password,
        u1_0.provider,
        u1_0.status,
        u1_0.updated_at,
        u1_0.username 
    from
        users u1_0
Hibernate: 
    delete 
    from
        users 
    where
        id=?
Hibernate: 
    insert 
    into
        users
        (avatar_url, created_at, email, google_id, last_login_at, name, password, provider, status, updated_at, username) 
    values
        (?, ?, ?, ?, ?, ?, ?, ?, ?, ?, ?)
Hibernate: 
    select
        u1_0.id,
        u1_0.avatar_url,
        u1_0.created_at,
        u1_0.email,
        u1_0.google_id,
        u1_0.last_login_at,
        u1_0.name,
        u1_0.password,
        u1_0.provider,
        u1_0.status,
        u1_0.updated_at,
        u1_0.username 
    from
        users u1_0 
    where
        u1_0.email=?
Hibernate: 
    insert 
    into
        verification_tokens
        (created_at, expires_at, token, token_type, used_at, user_id) 
    values
        (?, ?, ?, ?, ?, ?)
]]></system-out>
  </testcase>
  <testcase name="testResendVerification_EmailNotFound" classname="com.example.expenseapp.controller.AuthControllerTest" time="0.024">
    <system-out><![CDATA[Hibernate: 
    select
        vt1_0.id,
        vt1_0.created_at,
        vt1_0.expires_at,
        vt1_0.token,
        vt1_0.token_type,
        vt1_0.used_at,
        vt1_0.user_id 
    from
        verification_tokens vt1_0
Hibernate: 
    delete 
    from
        verification_tokens 
    where
        id=?
Hibernate: 
    select
        u1_0.id,
        u1_0.avatar_url,
        u1_0.created_at,
        u1_0.email,
        u1_0.google_id,
        u1_0.last_login_at,
        u1_0.name,
        u1_0.password,
        u1_0.provider,
        u1_0.status,
        u1_0.updated_at,
        u1_0.username 
    from
        users u1_0
Hibernate: 
    delete 
    from
        users 
    where
        id=?
Hibernate: 
    select
        u1_0.id,
        u1_0.avatar_url,
        u1_0.created_at,
        u1_0.email,
        u1_0.google_id,
        u1_0.last_login_at,
        u1_0.name,
        u1_0.password,
        u1_0.provider,
        u1_0.status,
        u1_0.updated_at,
        u1_0.username 
    from
        users u1_0 
    where
        u1_0.email=?
]]></system-out>
  </testcase>
  <testcase name="testResendVerification_Success" classname="com.example.expenseapp.controller.AuthControllerTest" time="0.044">
    <system-out><![CDATA[Hibernate: 
    select
        vt1_0.id,
        vt1_0.created_at,
        vt1_0.expires_at,
        vt1_0.token,
        vt1_0.token_type,
        vt1_0.used_at,
        vt1_0.user_id 
    from
        verification_tokens vt1_0
Hibernate: 
    select
        u1_0.id,
        u1_0.avatar_url,
        u1_0.created_at,
        u1_0.email,
        u1_0.google_id,
        u1_0.last_login_at,
        u1_0.name,
        u1_0.password,
        u1_0.provider,
        u1_0.status,
        u1_0.updated_at,
        u1_0.username 
    from
        users u1_0
Hibernate: 
    insert 
    into
        users
        (avatar_url, created_at, email, google_id, last_login_at, name, password, provider, status, updated_at, username) 
    values
        (?, ?, ?, ?, ?, ?, ?, ?, ?, ?, ?)
Hibernate: 
    select
        u1_0.id,
        u1_0.avatar_url,
        u1_0.created_at,
        u1_0.email,
        u1_0.google_id,
        u1_0.last_login_at,
        u1_0.name,
        u1_0.password,
        u1_0.provider,
        u1_0.status,
        u1_0.updated_at,
        u1_0.username 
    from
        users u1_0 
    where
        u1_0.email=?
Hibernate: 
    select
        vt1_0.id,
        vt1_0.created_at,
        vt1_0.expires_at,
        vt1_0.token,
        vt1_0.token_type,
        vt1_0.used_at,
        vt1_0.user_id 
    from
        verification_tokens vt1_0 
    where
        vt1_0.user_id=?
Hibernate: 
    insert 
    into
        verification_tokens
        (created_at, expires_at, token, token_type, used_at, user_id) 
    values
        (?, ?, ?, ?, ?, ?)
]]></system-out>
  </testcase>
  <testcase name="testRegister_ValidationFailed" classname="com.example.expenseapp.controller.AuthControllerTest" time="0.039">
    <system-out><![CDATA[Hibernate: 
    select
        vt1_0.id,
        vt1_0.created_at,
        vt1_0.expires_at,
        vt1_0.token,
        vt1_0.token_type,
        vt1_0.used_at,
        vt1_0.user_id 
    from
        verification_tokens vt1_0
Hibernate: 
    delete 
    from
        verification_tokens 
    where
        id=?
Hibernate: 
    select
        u1_0.id,
        u1_0.avatar_url,
        u1_0.created_at,
        u1_0.email,
        u1_0.google_id,
        u1_0.last_login_at,
        u1_0.name,
        u1_0.password,
        u1_0.provider,
        u1_0.status,
        u1_0.updated_at,
        u1_0.username 
    from
        users u1_0
Hibernate: 
    delete 
    from
        users 
    where
        id=?
]]></system-out>
  </testcase>
  <testcase name="testRegister_UsernameExists" classname="com.example.expenseapp.controller.AuthControllerTest" time="0.031">
    <system-out><![CDATA[Hibernate: 
    select
        vt1_0.id,
        vt1_0.created_at,
        vt1_0.expires_at,
        vt1_0.token,
        vt1_0.token_type,
        vt1_0.used_at,
        vt1_0.user_id 
    from
        verification_tokens vt1_0
Hibernate: 
    select
        u1_0.id,
        u1_0.avatar_url,
        u1_0.created_at,
        u1_0.email,
        u1_0.google_id,
        u1_0.last_login_at,
        u1_0.name,
        u1_0.password,
        u1_0.provider,
        u1_0.status,
        u1_0.updated_at,
        u1_0.username 
    from
        users u1_0
Hibernate: 
    insert 
    into
        users
        (avatar_url, created_at, email, google_id, last_login_at, name, password, provider, status, updated_at, username) 
    values
        (?, ?, ?, ?, ?, ?, ?, ?, ?, ?, ?)
Hibernate: 
    select
        u1_0.id 
    from
        users u1_0 
    where
        u1_0.username=? 
    limit
        ?
]]></system-out>
  </testcase>
</testsuite>